app/build/outputs/logs/manifest-merger-debug-report.txt
-- Merging decision tree log ---
manifest
ADDED from src/main/AndroidManifest.xml:2:1-50:12
	xmlns:android
		ADDED from src/main/AndroidManifest.xml:2:11-69
	package
		ADDED from src/main/AndroidManifest.xml:3:5-33
		INJECTED from src/main/AndroidManifest.xml
		INJECTED from src/main/AndroidManifest.xml
	android:versionName
		ADDED from src/main/AndroidManifest.xml:5:5-30
		INJECTED from src/main/AndroidManifest.xml
		INJECTED from src/main/AndroidManifest.xml
	android:versionCode
		ADDED from src/main/AndroidManifest.xml:4:5-28
		INJECTED from src/main/AndroidManifest.xml
		INJECTED from src/main/AndroidManifest.xml
uses-sdk
ADDED from src/main/AndroidManifest.xml:7:5-9:41
	android:targetSdkVersion
		ADDED from src/main/AndroidManifest.xml:9:9-38
		INJECTED from src/main/AndroidManifest.xml
		INJECTED from src/main/AndroidManifest.xml
	android:minSdkVersion
		ADDED from src/main/AndroidManifest.xml:8:9-34
		INJECTED from src/main/AndroidManifest.xml
		INJECTED from src/main/AndroidManifest.xml
application
ADDED from src/main/AndroidManifest.xml:11:5-48:23
	android:label
		ADDED from src/main/AndroidManifest.xml:15:9-41
	android:debuggable
		ADDED from src/main/AndroidManifest.xml:12:9-34
	android:allowBackup
		ADDED from src/main/AndroidManifest.xml:13:9-35
	android:icon
		ADDED from src/main/AndroidManifest.xml:14:9-45
	android:theme
		ADDED from src/main/AndroidManifest.xml:16:9-40
activity#de.apoth.anderoids.gui.MenuActivity
ADDED from src/main/AndroidManifest.xml:17:9-27:20
	android:screenOrientation
		ADDED from src/main/AndroidManifest.xml:19:13-50
	android:label
		ADDED from src/main/AndroidManifest.xml:21:13-45
	android:theme
		ADDED from src/main/AndroidManifest.xml:20:13-60
	android:name
		ADDED from src/main/AndroidManifest.xml:18:13-63
intent-filter#android.intent.action.MAIN+android.intent.category.LAUNCHER
ADDED from src/main/AndroidManifest.xml:22:13-26:29
action#android.intent.action.MAIN
ADDED from src/main/AndroidManifest.xml:23:17-69
	android:name
		ADDED from src/main/AndroidManifest.xml:23:25-66
category#android.intent.category.LAUNCHER
ADDED from src/main/AndroidManifest.xml:25:17-77
	android:name
		ADDED from src/main/AndroidManifest.xml:25:27-74
activity#de.apoth.anderoids.gui.ScoreActivity
ADDED from src/main/AndroidManifest.xml:28:9-32:20
	android:screenOrientation
		ADDED from src/main/AndroidManifest.xml:30:13-50
	android:theme
		ADDED from src/main/AndroidManifest.xml:31:13-60
	android:name
		ADDED from src/main/AndroidManifest.xml:29:13-64
activity#de.apoth.anderoids.gui.ConfigActivity
ADDED from src/main/AndroidManifest.xml:33:9-37:20
	android:screenOrientation
		ADDED from src/main/AndroidManifest.xml:35:13-50
	android:theme
		ADDED from src/main/AndroidManifest.xml:36:13-60
	android:name
		ADDED from src/main/AndroidManifest.xml:34:13-65
activity#de.apoth.anderoids.gui.StartgameActivity
ADDED from src/main/AndroidManifest.xml:38:9-42:20
	android:screenOrientation
		ADDED from src/main/AndroidManifest.xml:40:13-50
	android:theme
		ADDED from src/main/AndroidManifest.xml:41:13-60
	android:name
		ADDED from src/main/AndroidManifest.xml:39:13-68
activity#de.apoth.anderoids.gui.SpaceActivity
ADDED from src/main/AndroidManifest.xml:43:9-47:20
	android:screenOrientation
		ADDED from src/main/AndroidManifest.xml:45:13-50
	android:theme
		ADDED from src/main/AndroidManifest.xml:46:13-60
	android:name
		ADDED from src/main/AndroidManifest.xml:44:13-64